<?xml version="1.0" encoding="UTF-8"?>
<!-- Generated by org.testng.reporters.JUnitReportReporter -->
<testsuite skipped="0" hostname="LAPTOP-L4O1C8HM" name="test.CreateOrderTest" tests="1" failures="0" timestamp="2022-01-31T08:37:44 PST" time="46.285" errors="0">
  <testcase name="successfulOrder" time="46.285" classname="test.CreateOrderTest"/>
  <system-out/>
</testsuite> <!-- test.CreateOrderTest -->
