<?xml version="1.0" encoding="UTF-8"?>
<!-- Generated by org.testng.reporters.JUnitReportReporter -->
<testsuite skipped="0" hostname="LAPTOP-L4O1C8HM" name="test.CreateOrderTest" tests="1" failures="0" timestamp="2022-01-30T09:11:58 PST" time="31.328" errors="0">
  <testcase name="successfulOrder" time="31.328" classname="test.CreateOrderTest"/>
  <system-out/>
</testsuite> <!-- test.CreateOrderTest -->
